========================================
ABLATION STUDY - AUTONOMOUS EXECUTION
========================================
Start time: Ahad 14 Dis 2025 17:33:24 +08
Total experiments: 50
Models: 1a_baseline 3a_dropout 3b_filters 3c_dense 3d_batchnorm 3e_hybrid 3f_depthwise 3g_depthwise_drop02 3h_depthwise_drop03 3i_depthwise_drop04
N_mels: 16 32 48 64 80
Seeds: 42
Dataset: /Volumes/Evo/mybad
========================================

----------------------------------------
Experiment 1/50 (2%)
Model: 1a_baseline, n_mels=16, seed=42
Elapsed: 00:00:00, ETA: 00:00:00
----------------------------------------
✗ FAILED (exit code: 1)
  Log: ablation_logs/1a_baseline_m16_s42.log

----------------------------------------
Experiment 2/50 (4%)
Model: 1a_baseline, n_mels=32, seed=42
Elapsed: 00:00:11, ETA: 00:04:00
----------------------------------------
✓ SUCCESS (448s)

----------------------------------------
Experiment 3/50 (6%)
Model: 1a_baseline, n_mels=48, seed=42
Elapsed: 00:07:39, ETA: 01:59:51
----------------------------------------
✓ SUCCESS (759s)

----------------------------------------
Experiment 4/50 (8%)
Model: 1a_baseline, n_mels=64, seed=42
Elapsed: 00:20:18, ETA: 03:53:04
----------------------------------------
✓ SUCCESS (599s)

----------------------------------------
Experiment 5/50 (10%)
Model: 1a_baseline, n_mels=80, seed=42
Elapsed: 00:30:17, ETA: 04:32:15
----------------------------------------
✓ SUCCESS (718s)

----------------------------------------
Experiment 6/50 (12%)
Model: 3a_dropout, n_mels=16, seed=42
Elapsed: 00:42:15, ETA: 05:09:28
----------------------------------------
✓ SUCCESS (1116s)

----------------------------------------
Experiment 7/50 (14%)
Model: 3a_dropout, n_mels=32, seed=42
Elapsed: 01:00:51, ETA: 06:13:23
----------------------------------------
✓ SUCCESS (1018s)

----------------------------------------
Experiment 8/50 (16%)
Model: 3a_dropout, n_mels=48, seed=42
Elapsed: 01:17:49, ETA: 06:48:06
----------------------------------------
✓ SUCCESS (723s)

----------------------------------------
Experiment 9/50 (18%)
Model: 3a_dropout, n_mels=64, seed=42
Elapsed: 01:29:52, ETA: 06:49:19
----------------------------------------
✓ SUCCESS (770s)

----------------------------------------
Experiment 10/50 (20%)
Model: 3a_dropout, n_mels=80, seed=42
Elapsed: 01:42:42, ETA: 06:50:40
----------------------------------------
✓ SUCCESS (745s)

----------------------------------------
Experiment 11/50 (22%)
Model: 3b_filters, n_mels=16, seed=42
Elapsed: 01:55:07, ETA: 06:47:33
----------------------------------------
✓ SUCCESS (957s)

----------------------------------------
Experiment 12/50 (24%)
Model: 3b_filters, n_mels=32, seed=42
Elapsed: 02:11:04, ETA: 06:54:50
----------------------------------------
✓ SUCCESS (704s)

----------------------------------------
Experiment 13/50 (26%)
Model: 3b_filters, n_mels=48, seed=42
Elapsed: 02:22:48, ETA: 06:46:23
----------------------------------------
✓ SUCCESS (729s)

----------------------------------------
Experiment 14/50 (28%)
Model: 3b_filters, n_mels=64, seed=42
Elapsed: 02:34:57, ETA: 06:38:24
----------------------------------------
✓ SUCCESS (581s)

----------------------------------------
Experiment 15/50 (30%)
Model: 3b_filters, n_mels=80, seed=42
Elapsed: 02:44:38, ETA: 06:23:50
----------------------------------------
✓ SUCCESS (615s)

----------------------------------------
Experiment 16/50 (32%)
Model: 3c_dense, n_mels=16, seed=42
Elapsed: 02:54:53, ETA: 06:11:10
----------------------------------------
✓ SUCCESS (704s)

----------------------------------------
Experiment 17/50 (34%)
Model: 3c_dense, n_mels=32, seed=42
Elapsed: 03:06:37, ETA: 06:01:54
----------------------------------------
✓ SUCCESS (691s)

----------------------------------------
Experiment 18/50 (36%)
Model: 3c_dense, n_mels=48, seed=42
Elapsed: 03:18:08, ETA: 05:52:00
----------------------------------------
✓ SUCCESS (679s)

----------------------------------------
Experiment 19/50 (38%)
Model: 3c_dense, n_mels=64, seed=42
Elapsed: 03:29:27, ETA: 05:41:31
----------------------------------------
✓ SUCCESS (517s)

----------------------------------------
Experiment 20/50 (40%)
Model: 3c_dense, n_mels=80, seed=42
Elapsed: 03:38:04, ETA: 05:27:00
----------------------------------------
✓ SUCCESS (545s)

----------------------------------------
Experiment 21/50 (42%)
Model: 3d_batchnorm, n_mels=16, seed=42
Elapsed: 03:47:09, ETA: 05:13:41
----------------------------------------
✓ SUCCESS (905s)

----------------------------------------
Experiment 22/50 (44%)
Model: 3d_batchnorm, n_mels=32, seed=42
Elapsed: 04:02:14, ETA: 05:08:00
----------------------------------------
✓ SUCCESS (734s)

----------------------------------------
Experiment 23/50 (46%)
Model: 3d_batchnorm, n_mels=48, seed=42
Elapsed: 04:14:28, ETA: 04:58:21
----------------------------------------
✓ SUCCESS (624s)

----------------------------------------
Experiment 24/50 (48%)
Model: 3d_batchnorm, n_mels=64, seed=42
Elapsed: 04:24:52, ETA: 04:46:52
----------------------------------------
✓ SUCCESS (695s)

----------------------------------------
Experiment 25/50 (50%)
Model: 3d_batchnorm, n_mels=80, seed=42
Elapsed: 04:36:27, ETA: 04:36:15
----------------------------------------
✓ SUCCESS (562s)

----------------------------------------
Experiment 26/50 (52%)
Model: 3e_hybrid, n_mels=16, seed=42
Elapsed: 04:45:49, ETA: 04:23:36
----------------------------------------
✓ SUCCESS (2024s)

----------------------------------------
Experiment 27/50 (54%)
Model: 3e_hybrid, n_mels=32, seed=42
Elapsed: 05:19:33, ETA: 04:32:10
----------------------------------------
✓ SUCCESS (963s)

----------------------------------------
Experiment 28/50 (56%)
Model: 3e_hybrid, n_mels=48, seed=42
Elapsed: 05:35:36, ETA: 04:23:38
----------------------------------------
✓ SUCCESS (766s)

----------------------------------------
Experiment 29/50 (58%)
Model: 3e_hybrid, n_mels=64, seed=42
Elapsed: 05:48:22, ETA: 04:12:00
----------------------------------------
✓ SUCCESS (992s)

----------------------------------------
Experiment 30/50 (60%)
Model: 3e_hybrid, n_mels=80, seed=42
Elapsed: 06:04:54, ETA: 04:03:00
----------------------------------------
✓ SUCCESS (1060s)

----------------------------------------
Experiment 31/50 (62%)
Model: 3f_depthwise, n_mels=16, seed=42
Elapsed: 06:22:34, ETA: 03:54:20
----------------------------------------
✓ SUCCESS (1044s)

----------------------------------------
Experiment 32/50 (64%)
Model: 3f_depthwise, n_mels=32, seed=42
Elapsed: 06:39:58, ETA: 03:44:42
----------------------------------------
✓ SUCCESS (518s)

----------------------------------------
Experiment 33/50 (66%)
Model: 3f_depthwise, n_mels=48, seed=42
Elapsed: 06:48:36, ETA: 03:30:14
----------------------------------------
✓ SUCCESS (532s)

----------------------------------------
Experiment 34/50 (68%)
Model: 3f_depthwise, n_mels=64, seed=42
Elapsed: 06:57:28, ETA: 03:16:16
----------------------------------------
✓ SUCCESS (1059s)

----------------------------------------
Experiment 35/50 (70%)
Model: 3f_depthwise, n_mels=80, seed=42
Elapsed: 07:15:07, ETA: 03:06:15
----------------------------------------
✓ SUCCESS (1111s)

----------------------------------------
Experiment 36/50 (72%)
Model: 3g_depthwise_drop02, n_mels=16, seed=42
Elapsed: 07:33:38, ETA: 02:56:24
----------------------------------------
✓ SUCCESS (1565s)

----------------------------------------
Experiment 37/50 (74%)
Model: 3g_depthwise_drop02, n_mels=32, seed=42
Elapsed: 07:59:43, ETA: 02:48:21
----------------------------------------
✓ SUCCESS (1898s)

----------------------------------------
Experiment 38/50 (76%)
Model: 3g_depthwise_drop02, n_mels=48, seed=42
Elapsed: 08:31:21, ETA: 02:41:24
----------------------------------------
✓ SUCCESS (580s)

----------------------------------------
Experiment 39/50 (78%)
Model: 3g_depthwise_drop02, n_mels=64, seed=42
Elapsed: 08:41:01, ETA: 02:26:51
----------------------------------------
✓ SUCCESS (496s)

----------------------------------------
Experiment 40/50 (80%)
Model: 3g_depthwise_drop02, n_mels=80, seed=42
Elapsed: 08:49:17, ETA: 02:12:10
----------------------------------------
✓ SUCCESS (1154s)

----------------------------------------
Experiment 41/50 (82%)
Model: 3h_depthwise_drop03, n_mels=16, seed=42
Elapsed: 09:08:31, ETA: 02:00:18
----------------------------------------
✓ SUCCESS (1532s)

----------------------------------------
Experiment 42/50 (84%)
Model: 3h_depthwise_drop03, n_mels=32, seed=42
Elapsed: 09:34:03, ETA: 01:49:20
----------------------------------------
✓ SUCCESS (760s)

----------------------------------------
Experiment 43/50 (86%)
Model: 3h_depthwise_drop03, n_mels=48, seed=42
Elapsed: 09:46:43, ETA: 01:35:26
----------------------------------------
✓ SUCCESS (600s)

----------------------------------------
Experiment 44/50 (88%)
Model: 3h_depthwise_drop03, n_mels=64, seed=42
Elapsed: 09:56:43, ETA: 01:21:18
----------------------------------------
✓ SUCCESS (698s)

----------------------------------------
Experiment 45/50 (90%)
Model: 3h_depthwise_drop03, n_mels=80, seed=42
Elapsed: 10:08:21, ETA: 01:07:35
----------------------------------------
✓ SUCCESS (574s)

----------------------------------------
Experiment 46/50 (92%)
Model: 3i_depthwise_drop04, n_mels=16, seed=42
Elapsed: 10:17:56, ETA: 00:53:44
----------------------------------------
✓ SUCCESS (1418s)

----------------------------------------
Experiment 47/50 (94%)
Model: 3i_depthwise_drop04, n_mels=32, seed=42
Elapsed: 10:41:34, ETA: 00:40:57
----------------------------------------
✓ SUCCESS (1893s)

----------------------------------------
Experiment 48/50 (96%)
Model: 3i_depthwise_drop04, n_mels=48, seed=42
Elapsed: 11:13:07, ETA: 00:28:02
----------------------------------------
✓ SUCCESS (1282s)

----------------------------------------
Experiment 49/50 (98%)
Model: 3i_depthwise_drop04, n_mels=64, seed=42
Elapsed: 11:34:29, ETA: 00:14:10
----------------------------------------
✓ SUCCESS (1725s)

----------------------------------------
Experiment 50/50 (100%)
Model: 3i_depthwise_drop04, n_mels=80, seed=42
Elapsed: 12:03:14, ETA: 00:00:00
----------------------------------------
✓ SUCCESS (1364s)

========================================
ABLATION STUDY COMPLETE
========================================
End time: Isnin 15 Dis 2025 05:59:22 +08
Total duration: 12:25:58
Experiments run: 50
Successful: 49
Failed: 1
========================================

Master log: ablation_logs/master_20251214_173324.log
Individual logs: ablation_logs/
